Using pre-set license
Built from '2020.2/staging' branch; Version is '2020.2.7f1 (c53830e277f1) revision 12924976'; Using compiler version '192528614'; Build Type 'Release'
OS: 'Windows 10 Enterprise N; OS build 19042.1526; Version 2009; 64bit' Language: 'en' Physical Memory: 12171 MB
BatchMode: 1, IsHumanControllingUs: 0, StartBugReporterOnCrash: 0, Is64bit: 1, IsPro: 0

 COMMAND LINE ARGUMENTS:
C:\Program Files\Unity\Editor\Unity.exe
-adb2
-batchMode
-noUpm
-name
AssetImportWorker0
-projectPath
C:/Users/DC/Documents/GitHub/tank/.git/tank/2Dtank
-logFile
Logs/AssetImportWorker0.log
-srvPort
53575
Successfully changed project path to: C:/Users/DC/Documents/GitHub/tank/.git/tank/2Dtank
C:/Users/DC/Documents/GitHub/tank/.git/tank/2Dtank
Using Asset Import Pipeline V2.
Refreshing native plugins compatible for Editor in 84.01 ms, found 0 plugins.
Preloading 0 native plugins for Editor in 0.00 ms.
Initialize engine version: 2020.2.7f1 (c53830e277f1)
[Subsystems] Discovering subsystems at path C:/Program Files/Unity/Editor/Data/Resources/UnitySubsystems
[Subsystems] Discovering subsystems at path C:/Users/DC/Documents/GitHub/tank/.git/tank/2Dtank/Assets
GfxDevice: creating device client; threaded=0
Direct3D:
    Version:  Direct3D 11.0 [level 11.0]
    Renderer: NVIDIA GeForce 840M (ID=0x1341)
    Vendor:   
    VRAM:     4055 MB
    Driver:   27.21.14.5206
Initialize mono
Mono path[0] = 'C:/Program Files/Unity/Editor/Data/Managed'
Mono path[1] = 'C:/Program Files/Unity/Editor/Data/MonoBleedingEdge/lib/mono/unityjit'
Mono config path = 'C:/Program Files/Unity/Editor/Data/MonoBleedingEdge/etc'
Using monoOptions --debugger-agent=transport=dt_socket,embedding=1,server=y,suspend=n,address=127.0.0.1:56352
Begin MonoManager ReloadAssembly
Registering precompiled unity dll's ...
Register platform support module: C:/Program Files/Unity/Editor/Data/PlaybackEngines/WindowsStandaloneSupport/UnityEditor.WindowsStandalone.Extensions.dll
Registered in 0.002240 seconds.
Native extension for WindowsStandalone target not found
Refreshing native plugins compatible for Editor in 38.97 ms, found 0 plugins.
Preloading 0 native plugins for Editor in 0.00 ms.
Invoked RoslynAnalysisRunner static constructor.
RoslynAnalysisRunner will not be running.
RoslynAnalysisRunner has terminated.
Mono: successfully reloaded assembly
- Completed reload, in  1.155 seconds
Platform modules already initialized, skipping
Registering precompiled user dll's ...
Registered in 0.004621 seconds.
Begin MonoManager ReloadAssembly
Native extension for WindowsStandalone target not found
Refreshing native plugins compatible for Editor in 0.52 ms, found 0 plugins.
Preloading 0 native plugins for Editor in 0.00 ms.
Invoked RoslynAnalysisRunner static constructor.
RoslynAnalysisRunner will not be running.
RoslynAnalysisRunner has terminated.
Mono: successfully reloaded assembly
- Completed reload, in  1.021 seconds
Platform modules already initialized, skipping
========================================================================
Worker process is ready to serve import requests
Launched and connected shader compiler UnityShaderCompiler.exe after 0.04 seconds
Refreshing native plugins compatible for Editor in 0.48 ms, found 0 plugins.
Preloading 0 native plugins for Editor in 0.00 ms.
Unloading 1543 Unused Serialized files (Serialized files now loaded: 0)
System memory in use before: 69.1 MB.
System memory in use after: 69.1 MB.

Unloading 37 unused Assets to reduce memory usage. Loaded Objects now: 1968.
Total: 2.175500 ms (FindLiveObjects: 0.189200 ms CreateObjectMapping: 0.074600 ms MarkObjects: 1.810600 ms  DeleteObjects: 0.100300 ms)

========================================================================
Received Import Request.
  path: Assets/bluetankhead.png
  artifactKey: Guid(92f51353118b41b4bb7a78b686870d3a) Importer(815301076,1909f56bfc062723c751e8b465ee728b)
Start importing Assets/bluetankhead.png using Guid(92f51353118b41b4bb7a78b686870d3a) Importer(815301076,1909f56bfc062723c751e8b465ee728b)  -> (artifact id: '973882856b3847665dfad1f11fe64549') in 0.115176 seconds
  Import took 0.118338 seconds .

========================================================================
Received Import Request.
  Time since last request: 0.000289 seconds.
  path: Assets/bluetank.png
  artifactKey: Guid(924b9430d52018747814f6da0f7d2898) Importer(815301076,1909f56bfc062723c751e8b465ee728b)
Start importing Assets/bluetank.png using Guid(924b9430d52018747814f6da0f7d2898) Importer(815301076,1909f56bfc062723c751e8b465ee728b)  -> (artifact id: 'bbb4bf4075824a3bf5c5bfc6d03df28b') in 0.017201 seconds
  Import took 0.021056 seconds .

========================================================================
Received Import Request.
  Time since last request: 0.000241 seconds.
  path: Assets/New Physics Material 2D.physicsMaterial2D
  artifactKey: Guid(22563a7fd576b0b4994ac95cf61e7eb8) Importer(815301076,1909f56bfc062723c751e8b465ee728b)
Start importing Assets/New Physics Material 2D.physicsMaterial2D using Guid(22563a7fd576b0b4994ac95cf61e7eb8) Importer(815301076,1909f56bfc062723c751e8b465ee728b)  -> (artifact id: '2ce4ef68be5b173f3b1a36d68f2048e2') in 0.009620 seconds
  Import took 0.013249 seconds .

========================================================================
Received Import Request.
  Time since last request: 49.860144 seconds.
  path: Assets/grass.png
  artifactKey: Guid(81878778d8210c24cb013dc8ed475f9d) Importer(815301076,1909f56bfc062723c751e8b465ee728b)
Start importing Assets/grass.png using Guid(81878778d8210c24cb013dc8ed475f9d) Importer(815301076,1909f56bfc062723c751e8b465ee728b)  -> (artifact id: '7dbd0e55983ecc5b0c84298bb7e60aa5') in 0.023127 seconds
  Import took 0.026645 seconds .

========================================================================
Received Import Request.
  Time since last request: 0.000421 seconds.
  path: Assets/place-2.png
  artifactKey: Guid(e0dd5b1af21580245a760a0162279af8) Importer(815301076,1909f56bfc062723c751e8b465ee728b)
Start importing Assets/place-2.png using Guid(e0dd5b1af21580245a760a0162279af8) Importer(815301076,1909f56bfc062723c751e8b465ee728b)  -> (artifact id: 'd37206e74476c8c97c63eb2dddb0354a') in 0.016914 seconds
  Import took 0.022034 seconds .

AssetImportWorkerClient::OnTransportError - code=2 error=End of file
